<?xml version="1.0" encoding="UTF-8"?>
<robot generator="Robot 6.0.2 (Python 3.11.3 on win32)" generated="20230601 10:48:41.086" rpa="false" schemaversion="3">
<suite id="s1" name="Test" source="C:\Users\hajda\Documents\Külkereskedelmi Technikum\Szoftvertesztelés\Angular\AllatkertFrontEnd\test.robot">
<test id="s1-t1" name="Open Site" line="12">
<kw name="Open Browser" library="SeleniumLibrary">
<arg>http://localhost:4200</arg>
<arg>Chrome</arg>
<arg>options=add_experimental_option("detach", True)</arg>
<doc>Opens a new browser instance to the optional ``url``.</doc>
<msg timestamp="20230601 10:48:41.625" level="INFO">Opening browser 'Chrome' to base url 'http://localhost:4200'.</msg>
<msg timestamp="20230601 10:48:41.651" level="INFO">Applicable driver not found; attempting to install with Selenium Manager (Beta)</msg>
<status status="PASS" starttime="20230601 10:48:41.625" endtime="20230601 10:48:45.928"/>
</kw>
<kw name="Page Should Contain" library="SeleniumLibrary">
<arg>home works!</arg>
<doc>Verifies that current page contains ``text``.</doc>
<msg timestamp="20230601 10:48:46.273" level="INFO" html="true">&lt;/td&gt;&lt;/tr&gt;&lt;tr&gt;&lt;td colspan="3"&gt;&lt;a href="selenium-screenshot-8.png"&gt;&lt;img src="selenium-screenshot-8.png" width="800px"&gt;&lt;/a&gt;</msg>
<msg timestamp="20230601 10:48:46.273" level="FAIL">Page should have contained text 'home works!' but did not.</msg>
<status status="FAIL" starttime="20230601 10:48:45.936" endtime="20230601 10:48:46.281"/>
</kw>
<kw name="Maximize Browser Window" library="SeleniumLibrary">
<doc>Maximizes current browser window.</doc>
<status status="NOT RUN" starttime="20230601 10:48:46.281" endtime="20230601 10:48:46.281"/>
</kw>
<kw name="Capture Page Screenshot" library="SeleniumLibrary">
<arg>home.png</arg>
<doc>Takes a screenshot of the current page and embeds it into a log file.</doc>
<status status="NOT RUN" starttime="20230601 10:48:46.281" endtime="20230601 10:48:46.281"/>
</kw>
<status status="FAIL" starttime="20230601 10:48:41.623" endtime="20230601 10:48:46.281">Page should have contained text 'home works!' but did not.</status>
</test>
<test id="s1-t2" name="Click Animals" line="18">
<kw name="Click Element" library="SeleniumLibrary">
<arg>xpath://*[@id="navbarSupportedContent"]/ul/li[2]/a</arg>
<doc>Click the element identified by ``locator``.</doc>
<msg timestamp="20230601 10:48:46.289" level="INFO">Clicking element 'xpath://*[@id="navbarSupportedContent"]/ul/li[2]/a'.</msg>
<status status="PASS" starttime="20230601 10:48:46.289" endtime="20230601 10:48:46.551"/>
</kw>
<kw name="Sleep" library="BuiltIn">
<arg>1s</arg>
<doc>Pauses the test executed for the given time.</doc>
<msg timestamp="20230601 10:48:47.551" level="INFO">Slept 1 second</msg>
<status status="PASS" starttime="20230601 10:48:46.551" endtime="20230601 10:48:47.551"/>
</kw>
<kw name="Input Text" library="SeleniumLibrary">
<arg>id:createnev</arg>
<arg>${nev}</arg>
<doc>Types the given ``text`` into the text field identified by ``locator``.</doc>
<msg timestamp="20230601 10:48:47.552" level="INFO">Typing text 'Robika' into text field 'id:createnev'.</msg>
<status status="PASS" starttime="20230601 10:48:47.551" endtime="20230601 10:48:47.922"/>
</kw>
<kw name="Input Text" library="SeleniumLibrary">
<arg>id:createfaj</arg>
<arg>${faj}</arg>
<doc>Types the given ``text`` into the text field identified by ``locator``.</doc>
<msg timestamp="20230601 10:48:47.930" level="INFO">Typing text 'Papagáj' into text field 'id:createfaj'.</msg>
<status status="PASS" starttime="20230601 10:48:47.922" endtime="20230601 10:48:48.275"/>
</kw>
<kw name="Input Text" library="SeleniumLibrary">
<arg>id:creategondozo</arg>
<arg>${gondozo}</arg>
<doc>Types the given ``text`` into the text field identified by ``locator``.</doc>
<msg timestamp="20230601 10:48:48.279" level="INFO">Typing text 'Minta Péter' into text field 'id:creategondozo'.</msg>
<status status="PASS" starttime="20230601 10:48:48.279" endtime="20230601 10:48:48.579"/>
</kw>
<kw name="Click Element" library="SeleniumLibrary">
<arg>id:createbutton</arg>
<doc>Click the element identified by ``locator``.</doc>
<msg timestamp="20230601 10:48:48.579" level="INFO">Clicking element 'id:createbutton'.</msg>
<msg timestamp="20230601 10:48:48.849" level="INFO" html="true">&lt;/td&gt;&lt;/tr&gt;&lt;tr&gt;&lt;td colspan="3"&gt;&lt;a href="selenium-screenshot-9.png"&gt;&lt;img src="selenium-screenshot-9.png" width="800px"&gt;&lt;/a&gt;</msg>
<msg timestamp="20230601 10:48:48.849" level="FAIL">Element with locator 'id:createbutton' not found.</msg>
<status status="FAIL" starttime="20230601 10:48:48.579" endtime="20230601 10:48:48.849"/>
</kw>
<status status="FAIL" starttime="20230601 10:48:46.281" endtime="20230601 10:48:48.865">Element with locator 'id:createbutton' not found.</status>
</test>
<test id="s1-t3" name="Animal Exist" line="26">
<kw name="Wait Until Element Is Visible" library="SeleniumLibrary">
<arg>id:${nev}nev</arg>
<arg>2s</arg>
<doc>Waits until the element ``locator`` is visible.</doc>
<msg timestamp="20230601 10:48:51.122" level="INFO" html="true">&lt;/td&gt;&lt;/tr&gt;&lt;tr&gt;&lt;td colspan="3"&gt;&lt;a href="selenium-screenshot-10.png"&gt;&lt;img src="selenium-screenshot-10.png" width="800px"&gt;&lt;/a&gt;</msg>
<msg timestamp="20230601 10:48:51.122" level="FAIL">Element 'id:Robikanev' not visible after 2 seconds.</msg>
<status status="FAIL" starttime="20230601 10:48:48.865" endtime="20230601 10:48:51.122"/>
</kw>
<kw name="Input Text" library="SeleniumLibrary">
<arg>id:${nev}nev</arg>
<arg>Zsoltika</arg>
<doc>Types the given ``text`` into the text field identified by ``locator``.</doc>
<status status="NOT RUN" starttime="20230601 10:48:51.138" endtime="20230601 10:48:51.138"/>
</kw>
<status status="FAIL" starttime="20230601 10:48:48.865" endtime="20230601 10:48:51.138">Element 'id:Robikanev' not visible after 2 seconds.</status>
</test>
<status status="FAIL" starttime="20230601 10:48:41.086" endtime="20230601 10:48:51.142"/>
</suite>
<statistics>
<total>
<stat pass="0" fail="3" skip="0">All Tests</stat>
</total>
<tag>
</tag>
<suite>
<stat pass="0" fail="3" skip="0" id="s1" name="Test">Test</stat>
</suite>
</statistics>
<errors>
</errors>
</robot>
